[1115/191542.069:ERROR:ssl_client_socket_impl.cc(959)] handshake failed; returned -1, SSL error code 1, net_error -101
[1115/191542.070:ERROR:ssl_client_socket_impl.cc(959)] handshake failed; returned -1, SSL error code 1, net_error -101
[1115/191547.084:ERROR:ssl_client_socket_impl.cc(959)] handshake failed; returned -1, SSL error code 1, net_error -101
[1115/191547.084:ERROR:ssl_client_socket_impl.cc(959)] handshake failed; returned -1, SSL error code 1, net_error -101
[1115/191547.599:ERROR:ssl_client_socket_impl.cc(959)] handshake failed; returned -1, SSL error code 1, net_error -101
[1115/191548.519:ERROR:ssl_client_socket_impl.cc(959)] handshake failed; returned -1, SSL error code 1, net_error -101
[1115/191551.946:ERROR:ssl_client_socket_impl.cc(959)] handshake failed; returned -1, SSL error code 1, net_error -101
[1115/191551.948:ERROR:ssl_client_socket_impl.cc(959)] handshake failed; returned -1, SSL error code 1, net_error -101
[1115/191552.618:ERROR:ssl_client_socket_impl.cc(959)] handshake failed; returned -1, SSL error code 1, net_error -101
[1115/191553.667:ERROR:ssl_client_socket_impl.cc(959)] handshake failed; returned -1, SSL error code 1, net_error -101
[1115/191554.586:ERROR:ssl_client_socket_impl.cc(959)] handshake failed; returned -1, SSL error code 1, net_error -101
[1116/133514.039:ERROR:audio_rtp_receiver.cc(89)] AudioRtpReceiver::OnSetVolume: No audio channel exists.
[1116/133514.055:WARNING:used_ids.h(55)] Duplicate id found. Reassigning from 104 to 127
[1116/133514.055:WARNING:used_ids.h(55)] Duplicate id found. Reassigning from 102 to 125
[1116/133514.055:WARNING:used_ids.h(55)] Duplicate id found. Reassigning from 104 to 124
[1116/133514.055:WARNING:used_ids.h(55)] Duplicate id found. Reassigning from 106 to 123
[1116/133514.055:WARNING:used_ids.h(55)] Duplicate id found. Reassigning from 103 to 122
[1116/133514.055:WARNING:used_ids.h(55)] Duplicate id found. Reassigning from 105 to 121
[1116/133514.055:WARNING:used_ids.h(55)] Duplicate id found. Reassigning from 109 to 120
[1116/133514.055:WARNING:used_ids.h(55)] Duplicate id found. Reassigning from 1 to 14
[1116/133514.055:WARNING:used_ids.h(55)] Duplicate id found. Reassigning from 3 to 13
[1116/133514.055:WARNING:used_ids.h(55)] Duplicate id found. Reassigning from 5 to 12
[1116/133514.055:WARNING:used_ids.h(55)] Duplicate id found. Reassigning from 6 to 11
[1116/133531.296:ERROR:audio_rtp_receiver.cc(89)] AudioRtpReceiver::OnSetVolume: No audio channel exists.
[1116/133531.296:WARNING:used_ids.h(55)] Duplicate id found. Reassigning from 104 to 127
[1116/133531.296:WARNING:used_ids.h(55)] Duplicate id found. Reassigning from 102 to 125
[1116/133531.296:WARNING:used_ids.h(55)] Duplicate id found. Reassigning from 104 to 124
[1116/133531.296:WARNING:used_ids.h(55)] Duplicate id found. Reassigning from 106 to 123
[1116/133531.296:WARNING:used_ids.h(55)] Duplicate id found. Reassigning from 103 to 122
[1116/133531.296:WARNING:used_ids.h(55)] Duplicate id found. Reassigning from 105 to 121
[1116/133531.296:WARNING:used_ids.h(55)] Duplicate id found. Reassigning from 109 to 120
[1116/133531.296:WARNING:used_ids.h(55)] Duplicate id found. Reassigning from 1 to 14
[1116/133531.296:WARNING:used_ids.h(55)] Duplicate id found. Reassigning from 3 to 13
[1116/133531.296:WARNING:used_ids.h(55)] Duplicate id found. Reassigning from 5 to 12
[1116/133531.296:WARNING:used_ids.h(55)] Duplicate id found. Reassigning from 6 to 11
[1116/133539.830:ERROR:batching_media_log.cc(38)] MediaEvent: {"error":"FFmpegDemuxer: no supported streams"}
[1116/133539.830:ERROR:batching_media_log.cc(35)] MediaEvent: {"pipeline_error":14}
[1116/133540.949:ERROR:batching_media_log.cc(38)] MediaEvent: {"error":"FFmpegDemuxer: no supported streams"}
[1116/133540.949:ERROR:batching_media_log.cc(35)] MediaEvent: {"pipeline_error":14}
